2025-08-25 19:16:41.892 [info] Reading sessions from keychain...
2025-08-25 19:16:41.892 [info] Getting sessions for all scopes...
2025-08-25 19:16:41.892 [info] Got 0 sessions for ...
2025-08-25 19:16:41.892 [info] Getting sessions for all scopes...
2025-08-25 19:16:41.892 [info] Got 0 sessions for ...
2025-08-25 19:16:41.892 [info] Getting sessions for all scopes...
2025-08-25 19:16:41.892 [info] Got 0 sessions for ...
2025-08-25 19:16:41.901 [info] Getting sessions for all scopes...
2025-08-25 19:16:41.901 [info] Got 0 sessions for ...
2025-08-25 19:16:41.901 [info] Getting sessions for all scopes...
2025-08-25 19:16:41.901 [info] Got 0 sessions for ...
2025-08-25 19:16:41.902 [info] Getting sessions for all scopes...
2025-08-25 19:16:41.902 [info] Got 0 sessions for ...
2025-08-25 19:16:41.902 [info] Getting sessions for all scopes...
2025-08-25 19:16:41.902 [info] Got 0 sessions for ...
2025-08-25 19:16:41.902 [info] Getting sessions for all scopes...
2025-08-25 19:16:41.902 [info] Got 0 sessions for ...
2025-08-25 19:16:41.904 [info] Getting sessions for all scopes...
2025-08-25 19:16:41.904 [info] Got 0 sessions for ...
2025-08-25 19:16:41.904 [info] Getting sessions for all scopes...
2025-08-25 19:16:41.904 [info] Got 0 sessions for ...
2025-08-25 19:16:41.904 [info] Getting sessions for all scopes...
2025-08-25 19:16:41.904 [info] Got 0 sessions for ...
2025-08-25 19:16:41.904 [info] Getting sessions for all scopes...
2025-08-25 19:16:41.904 [info] Got 0 sessions for ...
2025-08-25 19:16:41.904 [info] Getting sessions for all scopes...
2025-08-25 19:16:41.904 [info] Got 0 sessions for ...
2025-08-25 19:16:41.904 [info] Getting sessions for all scopes...
2025-08-25 19:16:41.904 [info] Got 0 sessions for ...
2025-08-25 19:16:41.976 [info] Getting sessions for all scopes...
2025-08-25 19:16:41.976 [info] Got 0 sessions for ...
2025-08-25 19:16:43.597 [info] Getting sessions for all scopes...
2025-08-25 19:16:43.597 [info] Got 0 sessions for ...
2025-08-25 19:16:43.597 [info] Getting sessions for all scopes...
2025-08-25 19:16:43.597 [info] Got 0 sessions for ...
2025-08-25 19:16:43.600 [info] Getting sessions for user:email...
2025-08-25 19:16:43.600 [info] Got 0 sessions for user:email...
2025-08-25 19:16:43.600 [info] Getting sessions for read:user,repo,user:email,workflow...
2025-08-25 19:16:43.600 [info] Got 0 sessions for read:user,repo,user:email,workflow...
2025-08-25 19:16:43.601 [info] Getting sessions for all scopes...
2025-08-25 19:16:43.601 [info] Got 0 sessions for ...
2025-08-25 19:16:43.601 [info] Getting sessions for user:email...
2025-08-25 19:16:43.601 [info] Got 0 sessions for user:email...
2025-08-25 19:16:43.602 [info] Getting sessions for all scopes...
2025-08-25 19:16:43.602 [info] Got 0 sessions for ...
2025-08-25 19:16:43.602 [info] Getting sessions for user:email...
2025-08-25 19:16:43.602 [info] Got 0 sessions for user:email...
2025-08-25 19:16:43.753 [info] Getting sessions for all scopes...
2025-08-25 19:16:43.753 [info] Got 0 sessions for ...
2025-08-25 19:16:43.753 [info] Getting sessions for all scopes...
2025-08-25 19:16:43.753 [info] Got 0 sessions for ...
2025-08-25 19:16:43.753 [info] Getting sessions for all scopes...
2025-08-25 19:16:43.753 [info] Got 0 sessions for ...
2025-08-25 19:16:43.979 [info] Getting sessions for all scopes...
2025-08-25 19:16:43.979 [info] Got 0 sessions for ...
2025-08-25 19:16:43.979 [info] Getting sessions for all scopes...
2025-08-25 19:16:43.979 [info] Got 0 sessions for ...
2025-08-25 19:16:43.980 [info] Getting sessions for read:user,repo,user:email,workflow...
2025-08-25 19:16:43.980 [info] Got 0 sessions for read:user,repo,user:email,workflow...
2025-08-25 19:16:43.980 [info] Getting sessions for read:user...
2025-08-25 19:16:43.980 [info] Got 0 sessions for read:user...
2025-08-25 19:16:43.981 [info] Getting sessions for user:email...
2025-08-25 19:16:43.981 [info] Got 0 sessions for user:email...
2025-08-25 19:16:44.257 [info] Getting sessions for all scopes...
2025-08-25 19:16:44.257 [info] Got 0 sessions for ...
2025-08-25 19:16:44.258 [info] Getting sessions for user:email...
2025-08-25 19:16:44.258 [info] Got 0 sessions for user:email...
2025-08-25 19:16:44.259 [info] Getting sessions for all scopes...
2025-08-25 19:16:44.259 [info] Got 0 sessions for ...
2025-08-25 19:16:44.259 [info] Getting sessions for all scopes...
2025-08-25 19:16:44.259 [info] Got 0 sessions for ...
2025-08-25 19:16:44.259 [info] Getting sessions for user:email...
2025-08-25 19:16:44.259 [info] Got 0 sessions for user:email...
2025-08-25 19:17:20.290 [info] Getting sessions for read:user,repo,user:email,workflow...
2025-08-25 19:17:20.290 [info] Got 0 sessions for read:user,repo,user:email,workflow...
2025-08-25 19:17:20.291 [info] Getting sessions for read:user...
2025-08-25 19:17:20.291 [info] Got 0 sessions for read:user...
2025-08-25 19:17:20.292 [info] Getting sessions for user:email...
2025-08-25 19:17:20.292 [info] Got 0 sessions for user:email...
