2025-08-21 23:08:39.465 [info] Extension host with pid 70842 started
2025-08-21 23:08:39.482 [info] ExtensionService#_doActivateExtension vscode.github-authentication, startup: false, activationEvent: 'onAuthenticationRequest:github'
2025-08-21 23:08:39.527 [info] ExtensionService#_doActivateExtension vscode.git-base, startup: true, activationEvent: '*', root cause: vscode.git
2025-08-21 23:08:39.532 [info] ExtensionService#_doActivateExtension vscode.git, startup: true, activationEvent: '*'
2025-08-21 23:08:39.574 [info] ExtensionService#_doActivateExtension vscode.github, startup: true, activationEvent: '*'
2025-08-21 23:08:39.679 [info] Eager extensions activated
2025-08-21 23:08:39.680 [info] ExtensionService#_doActivateExtension vscode.debug-auto-launch, startup: false, activationEvent: 'onStartupFinished'
2025-08-21 23:08:39.682 [info] ExtensionService#_doActivateExtension vscode.merge-conflict, startup: false, activationEvent: 'onStartupFinished'
2025-08-21 23:08:41.718 [info] Extension host terminating: renderer closed the MessagePort
2025-08-21 23:08:41.728 [error] ProxyResolver#resolveProxy undefined Canceled: Canceled
	at rl (file:///var/lib/snapd/snap/code/205/usr/share/code/resources/app/out/vs/workbench/api/node/extensionHostProcess.js:7:1394)
	at file:///var/lib/snapd/snap/code/205/usr/share/code/resources/app/out/vs/workbench/api/node/extensionHostProcess.js:29:116493
	at Array.forEach (<anonymous>)
	at C4.dispose (file:///var/lib/snapd/snap/code/205/usr/share/code/resources/app/out/vs/workbench/api/node/extensionHostProcess.js:29:116433)
	at LZ.terminate (file:///var/lib/snapd/snap/code/205/usr/share/code/resources/app/out/vs/workbench/api/node/extensionHostProcess.js:116:10194)
	at E3.terminate (file:///var/lib/snapd/snap/code/205/usr/share/code/resources/app/out/vs/workbench/api/node/extensionHostProcess.js:118:914)
	at ws (file:///var/lib/snapd/snap/code/205/usr/share/code/resources/app/out/vs/workbench/api/node/extensionHostProcess.js:388:10154)
	at MessagePortMain.<anonymous> (file:///var/lib/snapd/snap/code/205/usr/share/code/resources/app/out/vs/workbench/api/node/extensionHostProcess.js:388:6693)
	at MessagePortMain.emit (node:events:518:28)
	at MessagePortMain._internalPort.emit (node:electron/js2c/utility_init:2:2949) 
2025-08-21 23:08:41.746 [info] Extension host with pid 70842 exiting with code 0
