2025-08-21 23:08:56.821 [info] Reading sessions from keychain...
2025-08-21 23:08:56.821 [info] Getting sessions for all scopes...
2025-08-21 23:08:56.821 [info] Got 0 sessions for ...
2025-08-21 23:08:56.821 [info] Getting sessions for all scopes...
2025-08-21 23:08:56.821 [info] Got 0 sessions for ...
2025-08-21 23:08:56.821 [info] Getting sessions for all scopes...
2025-08-21 23:08:56.821 [info] Got 0 sessions for ...
2025-08-21 23:08:56.821 [info] Getting sessions for all scopes...
2025-08-21 23:08:56.821 [info] Got 0 sessions for ...
2025-08-21 23:08:56.821 [info] Getting sessions for all scopes...
2025-08-21 23:08:56.821 [info] Got 0 sessions for ...
2025-08-21 23:08:56.821 [info] Getting sessions for all scopes...
2025-08-21 23:08:56.821 [info] Got 0 sessions for ...
2025-08-21 23:08:56.821 [info] Getting sessions for all scopes...
2025-08-21 23:08:56.821 [info] Got 0 sessions for ...
2025-08-21 23:08:56.825 [info] Getting sessions for all scopes...
2025-08-21 23:08:56.825 [info] Got 0 sessions for ...
2025-08-21 23:08:56.826 [info] Getting sessions for all scopes...
2025-08-21 23:08:56.826 [info] Got 0 sessions for ...
2025-08-21 23:08:56.826 [info] Getting sessions for all scopes...
2025-08-21 23:08:56.826 [info] Got 0 sessions for ...
2025-08-21 23:08:56.826 [info] Getting sessions for all scopes...
2025-08-21 23:08:56.826 [info] Got 0 sessions for ...
2025-08-21 23:08:56.826 [info] Getting sessions for all scopes...
2025-08-21 23:08:56.826 [info] Got 0 sessions for ...
2025-08-21 23:08:56.826 [info] Getting sessions for all scopes...
2025-08-21 23:08:56.826 [info] Got 0 sessions for ...
2025-08-21 23:08:56.881 [info] Getting sessions for all scopes...
2025-08-21 23:08:56.881 [info] Got 0 sessions for ...
2025-08-21 23:08:57.024 [info] Getting sessions for all scopes...
2025-08-21 23:08:57.024 [info] Got 0 sessions for ...
2025-08-21 23:08:58.753 [info] Getting sessions for all scopes...
2025-08-21 23:08:58.753 [info] Got 0 sessions for ...
2025-08-21 23:08:58.753 [info] Getting sessions for all scopes...
2025-08-21 23:08:58.753 [info] Got 0 sessions for ...
2025-08-21 23:08:58.759 [info] Getting sessions for all scopes...
2025-08-21 23:08:58.759 [info] Got 0 sessions for ...
2025-08-21 23:09:43.080 [info] Logging in with 'any' account...
2025-08-21 23:09:43.080 [info] Logging in for the following scopes: user:email
2025-08-21 23:09:43.148 [info] Trying with local server... (user:email)
2025-08-21 23:10:39.537 [info] Exchanging code for token...
2025-08-21 23:10:40.083 [info] Token exchange success!
2025-08-21 23:10:40.084 [info] Getting user info...
2025-08-21 23:10:40.587 [info] Got account info!
2025-08-21 23:10:40.587 [info] Storing 1 sessions...
2025-08-21 23:10:48.083 [info] Reading sessions from keychain...
2025-08-21 23:10:48.083 [info] Stored 1 sessions!
2025-08-21 23:10:48.083 [info] Login success!
2025-08-21 23:10:48.085 [info] Got stored sessions!
2025-08-21 23:10:48.085 [info] Got 1 verified sessions.
2025-08-21 23:10:48.085 [info] Getting sessions for all scopes...
2025-08-21 23:10:48.085 [info] Got 1 sessions for ...
2025-08-21 23:10:48.086 [info] Getting sessions for all scopes...
2025-08-21 23:10:48.086 [info] Got 1 sessions for ...
2025-08-21 23:10:48.087 [info] Getting sessions for all scopes...
2025-08-21 23:10:48.087 [info] Got 1 sessions for ...
2025-08-21 23:10:55.347 [info] Getting sessions for all scopes...
2025-08-21 23:10:55.347 [info] Got 1 sessions for ...
2025-08-21 23:10:55.347 [info] Getting sessions for all scopes...
2025-08-21 23:10:55.347 [info] Got 1 sessions for ...
2025-08-21 23:10:55.694 [info] Getting sessions for all scopes...
2025-08-21 23:10:55.694 [info] Got 1 sessions for ...
2025-08-21 23:10:55.695 [info] Getting sessions for read:user,repo,user:email,workflow...
2025-08-21 23:10:55.695 [info] Got 0 sessions for read:user,repo,user:email,workflow...
2025-08-21 23:10:55.695 [info] Getting sessions for all scopes...
2025-08-21 23:10:55.695 [info] Got 1 sessions for ...
2025-08-21 23:10:55.695 [info] Getting sessions for read:user,repo,user:email,workflow...
2025-08-21 23:10:55.695 [info] Got 0 sessions for read:user,repo,user:email,workflow...
2025-08-21 23:10:55.696 [info] Getting sessions for user:email...
2025-08-21 23:10:55.696 [info] Got 1 sessions for user:email...
2025-08-21 23:10:55.696 [info] Getting sessions for read:user,repo,user:email,workflow...
2025-08-21 23:10:55.696 [info] Got 0 sessions for read:user,repo,user:email,workflow...
2025-08-21 23:10:55.696 [info] Getting sessions for read:user...
2025-08-21 23:10:55.696 [info] Got 0 sessions for read:user...
2025-08-21 23:10:55.697 [info] Getting sessions for all scopes...
2025-08-21 23:10:55.697 [info] Got 1 sessions for ...
2025-08-21 23:10:55.697 [info] Getting sessions for user:email...
2025-08-21 23:10:55.697 [info] Got 1 sessions for user:email...
2025-08-21 23:10:55.699 [info] Getting sessions for read:user,repo,user:email,workflow...
2025-08-21 23:10:55.699 [info] Got 0 sessions for read:user,repo,user:email,workflow...
2025-08-21 23:10:55.773 [info] Getting sessions for user:email...
2025-08-21 23:10:55.773 [info] Got 1 sessions for user:email...
2025-08-21 23:10:55.775 [info] Getting sessions for all scopes...
2025-08-21 23:10:55.775 [info] Got 1 sessions for ...
2025-08-21 23:10:55.776 [info] Getting sessions for read:user,repo,user:email,workflow...
2025-08-21 23:10:55.776 [info] Got 0 sessions for read:user,repo,user:email,workflow...
2025-08-21 23:10:55.777 [info] Getting sessions for user:email...
2025-08-21 23:10:55.777 [info] Got 1 sessions for user:email...
2025-08-21 23:10:55.963 [info] Getting sessions for all scopes...
2025-08-21 23:10:55.963 [info] Got 1 sessions for ...
2025-08-21 23:10:55.964 [info] Getting sessions for read:user,repo,user:email,workflow...
2025-08-21 23:10:55.964 [info] Got 0 sessions for read:user,repo,user:email,workflow...
2025-08-21 23:10:55.964 [info] Getting sessions for user:email...
2025-08-21 23:10:55.964 [info] Got 1 sessions for user:email...
2025-08-21 23:10:56.241 [info] Getting sessions for all scopes...
2025-08-21 23:10:56.241 [info] Got 1 sessions for ...
2025-08-21 23:10:56.242 [info] Getting sessions for read:user,repo,user:email,workflow...
2025-08-21 23:10:56.242 [info] Got 0 sessions for read:user,repo,user:email,workflow...
2025-08-21 23:10:56.242 [info] Getting sessions for user:email...
2025-08-21 23:10:56.242 [info] Got 1 sessions for user:email...
2025-08-21 23:10:56.665 [info] Getting sessions for all scopes...
2025-08-21 23:10:56.665 [info] Got 1 sessions for ...
2025-08-21 23:10:56.665 [info] Getting sessions for all scopes...
2025-08-21 23:10:56.665 [info] Got 1 sessions for ...
2025-08-21 23:10:56.671 [info] Getting sessions for read:user,repo,user:email,workflow...
2025-08-21 23:10:56.672 [info] Got 0 sessions for read:user,repo,user:email,workflow...
2025-08-21 23:10:56.672 [info] Getting sessions for user:email...
2025-08-21 23:10:56.672 [info] Got 1 sessions for user:email...
2025-08-21 23:10:56.673 [info] Getting sessions for read:user,repo,user:email,workflow...
2025-08-21 23:10:56.673 [info] Got 0 sessions for read:user,repo,user:email,workflow...
2025-08-21 23:10:56.673 [info] Getting sessions for all scopes...
2025-08-21 23:10:56.673 [info] Got 1 sessions for ...
2025-08-21 23:10:56.674 [info] Getting sessions for read:user,repo,user:email,workflow...
2025-08-21 23:10:56.674 [info] Got 0 sessions for read:user,repo,user:email,workflow...
2025-08-21 23:10:56.674 [info] Getting sessions for user:email...
2025-08-21 23:10:56.674 [info] Got 1 sessions for user:email...
2025-08-21 23:10:56.741 [info] Getting sessions for all scopes...
2025-08-21 23:10:56.741 [info] Got 1 sessions for ...
2025-08-21 23:10:56.744 [info] Getting sessions for all scopes...
2025-08-21 23:10:56.744 [info] Got 1 sessions for ...
2025-08-21 23:10:56.745 [info] Getting sessions for read:user,repo,user:email,workflow...
2025-08-21 23:10:56.746 [info] Got 0 sessions for read:user,repo,user:email,workflow...
2025-08-21 23:10:56.764 [info] Getting sessions for user:email...
2025-08-21 23:10:56.764 [info] Got 1 sessions for user:email...
2025-08-21 23:10:56.764 [info] Getting sessions for read:user,repo,user:email,workflow...
2025-08-21 23:10:56.764 [info] Got 0 sessions for read:user,repo,user:email,workflow...
2025-08-21 23:10:56.766 [info] Getting sessions for all scopes...
2025-08-21 23:10:56.766 [info] Got 1 sessions for ...
2025-08-21 23:10:56.767 [info] Getting sessions for all scopes...
2025-08-21 23:10:56.767 [info] Got 1 sessions for ...
2025-08-21 23:10:56.767 [info] Getting sessions for all scopes...
2025-08-21 23:10:56.767 [info] Got 1 sessions for ...
2025-08-21 23:10:56.768 [info] Getting sessions for read:user,repo,user:email,workflow...
2025-08-21 23:10:56.768 [info] Got 0 sessions for read:user,repo,user:email,workflow...
2025-08-21 23:10:56.769 [info] Getting sessions for user:email...
2025-08-21 23:10:56.769 [info] Got 1 sessions for user:email...
2025-08-21 23:10:57.877 [info] Getting sessions for all scopes...
2025-08-21 23:10:57.877 [info] Got 1 sessions for ...
2025-08-21 23:11:02.512 [info] Getting sessions for all scopes...
2025-08-21 23:11:02.512 [info] Got 1 sessions for ...
2025-08-21 23:11:02.513 [info] Getting sessions for read:user,repo,user:email,workflow...
2025-08-21 23:11:02.513 [info] Got 0 sessions for read:user,repo,user:email,workflow...
2025-08-21 23:11:02.513 [info] Getting sessions for user:email...
2025-08-21 23:11:02.513 [info] Got 1 sessions for user:email...
2025-08-21 23:11:03.279 [info] Getting sessions for all scopes...
2025-08-21 23:11:03.279 [info] Got 1 sessions for ...
2025-08-21 23:11:03.280 [info] Getting sessions for read:user,repo,user:email,workflow...
2025-08-21 23:11:03.280 [info] Got 0 sessions for read:user,repo,user:email,workflow...
2025-08-21 23:11:03.281 [info] Getting sessions for user:email...
2025-08-21 23:11:03.281 [info] Got 1 sessions for user:email...
2025-08-21 23:11:04.059 [info] Getting sessions for all scopes...
2025-08-21 23:11:04.059 [info] Got 1 sessions for ...
2025-08-21 23:11:04.060 [info] Getting sessions for read:user,repo,user:email,workflow...
2025-08-21 23:11:04.060 [info] Got 0 sessions for read:user,repo,user:email,workflow...
2025-08-21 23:11:04.061 [info] Getting sessions for user:email...
2025-08-21 23:11:04.061 [info] Got 1 sessions for user:email...
