2025-08-21 22:00:11.827 [info] Reading sessions from keychain...
2025-08-21 22:00:11.827 [info] Getting sessions for all scopes...
2025-08-21 22:00:11.827 [info] Got 0 sessions for ...
2025-08-21 22:00:11.827 [info] Getting sessions for all scopes...
2025-08-21 22:00:11.827 [info] Got 0 sessions for ...
2025-08-21 22:00:11.827 [info] Getting sessions for all scopes...
2025-08-21 22:00:11.827 [info] Got 0 sessions for ...
2025-08-21 22:00:11.827 [info] Getting sessions for all scopes...
2025-08-21 22:00:11.827 [info] Got 0 sessions for ...
2025-08-21 22:00:11.827 [info] Getting sessions for all scopes...
2025-08-21 22:00:11.827 [info] Got 0 sessions for ...
2025-08-21 22:00:11.827 [info] Getting sessions for all scopes...
2025-08-21 22:00:11.827 [info] Got 0 sessions for ...
2025-08-21 22:00:11.827 [info] Getting sessions for all scopes...
2025-08-21 22:00:11.827 [info] Got 0 sessions for ...
2025-08-21 22:00:11.827 [info] Getting sessions for all scopes...
2025-08-21 22:00:11.827 [info] Got 0 sessions for ...
2025-08-21 22:00:11.827 [info] Getting sessions for all scopes...
2025-08-21 22:00:11.827 [info] Got 0 sessions for ...
2025-08-21 22:00:11.830 [info] Getting sessions for all scopes...
2025-08-21 22:00:11.830 [info] Got 0 sessions for ...
2025-08-21 22:00:11.830 [info] Getting sessions for all scopes...
2025-08-21 22:00:11.830 [info] Got 0 sessions for ...
2025-08-21 22:00:11.830 [info] Getting sessions for all scopes...
2025-08-21 22:00:11.830 [info] Got 0 sessions for ...
2025-08-21 22:00:11.830 [info] Getting sessions for all scopes...
2025-08-21 22:00:11.830 [info] Got 0 sessions for ...
2025-08-21 22:00:11.830 [info] Getting sessions for all scopes...
2025-08-21 22:00:11.830 [info] Got 0 sessions for ...
2025-08-21 22:00:11.830 [info] Getting sessions for all scopes...
2025-08-21 22:00:11.830 [info] Got 0 sessions for ...
2025-08-21 22:00:12.056 [info] Getting sessions for all scopes...
2025-08-21 22:00:12.056 [info] Got 0 sessions for ...
2025-08-21 22:00:13.795 [info] Getting sessions for all scopes...
2025-08-21 22:00:13.795 [info] Got 0 sessions for ...
2025-08-21 22:00:13.795 [info] Getting sessions for all scopes...
2025-08-21 22:00:13.795 [info] Got 0 sessions for ...
2025-08-21 22:00:13.802 [info] Getting sessions for all scopes...
2025-08-21 22:00:13.802 [info] Got 0 sessions for ...
2025-08-21 22:00:26.639 [info] Getting sessions for user:email...
2025-08-21 22:00:26.639 [info] Got 0 sessions for user:email...
2025-08-21 22:00:27.121 [info] Getting sessions for all scopes...
2025-08-21 22:00:27.121 [info] Got 0 sessions for ...
