2025-08-25 19:32:26.409 [info] Reading sessions from keychain...
2025-08-25 19:32:26.409 [info] Getting sessions for all scopes...
2025-08-25 19:32:26.411 [info] Got 0 sessions for ...
2025-08-25 19:32:26.411 [info] Getting sessions for all scopes...
2025-08-25 19:32:26.411 [info] Got 0 sessions for ...
2025-08-25 19:32:26.411 [info] Getting sessions for all scopes...
2025-08-25 19:32:26.411 [info] Got 0 sessions for ...
2025-08-25 19:32:26.411 [info] Getting sessions for all scopes...
2025-08-25 19:32:26.411 [info] Got 0 sessions for ...
2025-08-25 19:32:26.411 [info] Getting sessions for all scopes...
2025-08-25 19:32:26.411 [info] Got 0 sessions for ...
2025-08-25 19:32:26.411 [info] Getting sessions for all scopes...
2025-08-25 19:32:26.411 [info] Got 0 sessions for ...
2025-08-25 19:32:26.411 [info] Getting sessions for all scopes...
2025-08-25 19:32:26.411 [info] Got 0 sessions for ...
2025-08-25 19:32:26.411 [info] Getting sessions for all scopes...
2025-08-25 19:32:26.411 [info] Got 0 sessions for ...
2025-08-25 19:32:26.441 [info] Getting sessions for all scopes...
2025-08-25 19:32:26.441 [info] Got 0 sessions for ...
2025-08-25 19:32:26.442 [info] Getting sessions for all scopes...
2025-08-25 19:32:26.442 [info] Got 0 sessions for ...
2025-08-25 19:32:26.442 [info] Getting sessions for all scopes...
2025-08-25 19:32:26.442 [info] Got 0 sessions for ...
2025-08-25 19:32:26.442 [info] Getting sessions for all scopes...
2025-08-25 19:32:26.442 [info] Got 0 sessions for ...
2025-08-25 19:32:26.442 [info] Getting sessions for all scopes...
2025-08-25 19:32:26.442 [info] Got 0 sessions for ...
2025-08-25 19:32:26.442 [info] Getting sessions for all scopes...
2025-08-25 19:32:26.442 [info] Got 0 sessions for ...
2025-08-25 19:32:26.446 [info] Getting sessions for all scopes...
2025-08-25 19:32:26.446 [info] Got 0 sessions for ...
2025-08-25 19:32:26.670 [info] Getting sessions for all scopes...
2025-08-25 19:32:26.670 [info] Got 0 sessions for ...
2025-08-25 19:32:28.282 [info] Getting sessions for all scopes...
2025-08-25 19:32:28.282 [info] Got 0 sessions for ...
2025-08-25 19:32:28.282 [info] Getting sessions for all scopes...
2025-08-25 19:32:28.282 [info] Got 0 sessions for ...
2025-08-25 19:32:28.285 [info] Getting sessions for all scopes...
2025-08-25 19:32:28.285 [info] Got 0 sessions for ...
2025-08-25 19:32:31.202 [info] Getting sessions for all scopes...
2025-08-25 19:32:31.202 [info] Got 0 sessions for ...
2025-08-25 19:32:31.203 [info] Getting sessions for all scopes...
2025-08-25 19:32:31.203 [info] Got 0 sessions for ...
2025-08-25 19:32:31.566 [info] Getting sessions for user:email...
2025-08-25 19:32:31.566 [info] Got 0 sessions for user:email...
2025-08-25 19:32:31.566 [info] Getting sessions for read:user,repo,user:email,workflow...
2025-08-25 19:32:31.566 [info] Got 0 sessions for read:user,repo,user:email,workflow...
2025-08-25 19:32:31.567 [info] Getting sessions for all scopes...
2025-08-25 19:32:31.567 [info] Got 0 sessions for ...
2025-08-25 19:32:31.568 [info] Getting sessions for all scopes...
2025-08-25 19:32:31.568 [info] Got 0 sessions for ...
2025-08-25 19:32:31.568 [info] Getting sessions for read:user,repo,user:email,workflow...
2025-08-25 19:32:31.568 [info] Got 0 sessions for read:user,repo,user:email,workflow...
2025-08-25 19:32:31.576 [info] Getting sessions for all scopes...
2025-08-25 19:32:31.576 [info] Got 0 sessions for ...
2025-08-25 19:32:31.577 [info] Getting sessions for read:user...
2025-08-25 19:32:31.577 [info] Got 0 sessions for read:user...
2025-08-25 19:32:31.578 [info] Getting sessions for user:email...
2025-08-25 19:32:31.578 [info] Got 0 sessions for user:email...
2025-08-25 19:32:31.580 [info] Getting sessions for user:email...
2025-08-25 19:32:31.580 [info] Got 0 sessions for user:email...
2025-08-25 19:32:31.583 [info] Getting sessions for all scopes...
2025-08-25 19:32:31.583 [info] Got 0 sessions for ...
2025-08-25 19:32:31.659 [info] Getting sessions for user:email...
2025-08-25 19:32:31.659 [info] Got 0 sessions for user:email...
2025-08-25 19:32:32.052 [info] Getting sessions for all scopes...
2025-08-25 19:32:32.052 [info] Got 0 sessions for ...
2025-08-25 19:32:32.055 [info] Getting sessions for user:email...
2025-08-25 19:32:32.055 [info] Got 0 sessions for user:email...
2025-08-25 19:32:32.056 [info] Getting sessions for all scopes...
2025-08-25 19:32:32.056 [info] Got 0 sessions for ...
2025-08-25 19:32:32.056 [info] Getting sessions for all scopes...
2025-08-25 19:32:32.056 [info] Got 0 sessions for ...
2025-08-25 19:32:32.057 [info] Getting sessions for user:email...
2025-08-25 19:32:32.057 [info] Got 0 sessions for user:email...
2025-08-25 19:33:50.639 [info] Getting sessions for read:user,repo,user:email,workflow...
2025-08-25 19:33:50.639 [info] Got 0 sessions for read:user,repo,user:email,workflow...
2025-08-25 19:33:50.640 [info] Getting sessions for read:user...
2025-08-25 19:33:50.640 [info] Got 0 sessions for read:user...
2025-08-25 19:33:50.643 [info] Getting sessions for user:email...
2025-08-25 19:33:50.643 [info] Got 0 sessions for user:email...
